<?xml version="1.0" encoding="UTF-8"?>
<!-- Generated by org.testng.reporters.JUnitReportReporter -->
<testsuite hostname="DESKTOP-VBE86CG" failures="0" tests="1" name="Assignment1.Amazon_Using_Maven.TestCase4" time="15.395" errors="0" timestamp="2024-07-18T20:06:14 IST" skipped="0">
  <testcase classname="Assignment1.Amazon_Using_Maven.TestCase4" name="Amazon_product_Page" time="15.395"/>
  <system-out/>
</testsuite> <!-- Assignment1.Amazon_Using_Maven.TestCase4 -->
