<?xml version="1.0" encoding="UTF-8"?>
<!-- Generated by org.testng.reporters.JUnitReportReporter -->
<testsuite hostname="DESKTOP-VBE86CG" failures="0" tests="1" name="Assignment1.Amazon_Using_Maven.TestCase1" time="4.965" errors="0" timestamp="2024-07-18T20:06:14 IST" skipped="0">
  <testcase classname="Assignment1.Amazon_Using_Maven.TestCase1" name="Login_amazon" time="4.965"/>
  <system-out/>
</testsuite> <!-- Assignment1.Amazon_Using_Maven.TestCase1 -->
