<?xml version="1.0" encoding="UTF-8"?>
<!-- Generated by org.testng.reporters.JUnitReportReporter -->
<testsuite hostname="DESKTOP-VBE86CG" failures="0" tests="1" name="package3.Test_Data" time="0.762" errors="0" timestamp="2024-07-09T21:56:00 IST" skipped="0">
  <testcase classname="package3.Test_Data" name="Data_fetching" time="0.762"/>
  <system-out/>
</testsuite> <!-- package3.Test_Data -->
