<?xml version="1.0" encoding="UTF-8"?>
<!-- Generated by org.testng.reporters.JUnitReportReporter -->
<testsuite hostname="DESKTOP-VBE86CG" failures="0" tests="1" name="Assignment1.Amazon_Using_Maven.TestCase3" time="14.682" errors="0" timestamp="2024-07-18T20:06:14 IST" skipped="0">
  <testcase classname="Assignment1.Amazon_Using_Maven.TestCase3" name="Amazon_searchresult_page" time="14.682"/>
  <system-out/>
</testsuite> <!-- Assignment1.Amazon_Using_Maven.TestCase3 -->
