<?xml version="1.0" encoding="UTF-8"?>
<!-- Generated by org.testng.reporters.JUnitReportReporter -->
<testsuite hostname="DESKTOP-VBE86CG" failures="0" tests="1" name="Assignment1.Amazon_Using_Maven.TestCase2" time="13.329" errors="0" timestamp="2024-07-18T20:11:37 IST" skipped="0">
  <testcase classname="Assignment1.Amazon_Using_Maven.TestCase2" name="Login_amazon_Home_Page" time="13.329"/>
</testsuite> <!-- Assignment1.Amazon_Using_Maven.TestCase2 -->
